<?xml version="1.0" encoding="UTF-8"?>
<!-- Generated by org.testng.reporters.JUnitReportReporter -->
<testsuite hostname="DESKTOP-RUO116L" failures="0" tests="1" name="seleniumTutorial.TestExecution.TestExecution3" time="16.097" errors="0" timestamp="2024-08-21T14:59:40 IST" skipped="0">
  <testcase classname="seleniumTutorial.TestExecution.TestExecution3" name="test" time="16.097"/>
</testsuite> <!-- seleniumTutorial.TestExecution.TestExecution3 -->
