<?xml version="1.0" encoding="UTF-8"?>
<!-- Generated by org.testng.reporters.JUnitReportReporter -->
<testsuite hostname="DESKTOP-RUO116L" failures="0" tests="2" name="seleniumTutorial.TestExecution.TestExecution" time="35.523" errors="0" timestamp="2024-08-23T13:17:36 IST" skipped="0">
  <testcase classname="seleniumTutorial.TestExecution.TestExecution" name="test" time="18.666"/>
  <testcase classname="seleniumTutorial.TestExecution.TestExecution" name="test" time="16.857"/>
</testsuite> <!-- seleniumTutorial.TestExecution.TestExecution -->
